<?xml version="1.0" encoding="UTF-8"?><testsuite failures="0" name="cucumber.runtime.formatter.JUnitFormatter" skipped="0" tests="1" time="13.370948">
<testcase classname="MyAccount-Login Feature" name="Login with valid username and password" time="13.370948">
<system-out><![CDATA[Given open browser..........................................................passed
When Enter the url"http://practice.automationtesting.in/"...................passed
And Click on My Account Menu................................................passed
And Enter registered username and password..................................passed
And Click on login button...................................................passed
Then User must successfully login to the web page...........................passed
]]></system-out>
</testcase>
</testsuite>
